Detecting adapter sequence for read1...
No adapter detected for read1

Detecting adapter sequence for read2...
No adapter detected for read2

Read1 before filtering:
total reads: 9155513
total bases: 759907579
Q20 bases: 759907579(100%)
Q30 bases: 759907579(100%)

Read2 before filtering:
total reads: 9155513
total bases: 823996170
Q20 bases: 823996170(100%)
Q30 bases: 823996170(100%)

Read1 after filtering:
total reads: 9151427
total bases: 759382896
Q20 bases: 759382896(100%)
Q30 bases: 759382896(100%)

Read2 aftering filtering:
total reads: 9151427
total bases: 823382517
Q20 bases: 823382517(100%)
Q30 bases: 823382517(100%)

Filtering result:
reads passed filter: 18302854
reads failed due to low quality: 0
reads failed due to too many N: 8172
reads failed due to too short: 0
reads with adapter trimmed: 17248
bases trimmed due to adapters: 431458
reads corrected by overlap analysis: 0
bases corrected by overlap analysis: 0

Duplication rate: 23.4516%

Insert size peak (evaluated by paired-end reads): 83

JSON report: fastp.json
HTML report: /home/Shared_Data/Spurp_RAD/01-PROCESS/Spm1-3.html

/usr/local/bin/fastp -i /home/Shared_Data/Spurp_RAD/raw_reads_3/Spm1-3_1.fq.gz -I /home/Shared_Data/Spurp_RAD/raw_reads_3/Spm1-3_2.fq.gz -o /home/Shared_Data/Spurp_RAD/01-PROCESS/Spm1-3.out_1.fq.gz -O /home/Shared_Data/Spurp_RAD/01-PROCESS/Spm1-3.out_2.fq.gz --detect_adapter_for_pe --correction -h /home/Shared_Data/Spurp_RAD/01-PROCESS/Spm1-3.html 
fastp v0.20.0, time used: 62 seconds
